\BOOKMARK [0][-]{chapter.1}{Descripci\363n y an\341lisis del problema}{}% 1
\BOOKMARK [1][-]{section.1.1}{\277Qu\351 es el an\341lisis de sentimientos?}{chapter.1}% 2
\BOOKMARK [1][-]{section.1.2}{Dataset para el desarrollo de la pr\341ctica}{chapter.1}% 3
\BOOKMARK [0][-]{chapter.2}{Descripci\363n de los algoritmos}{}% 4
\BOOKMARK [1][-]{section.2.1}{M\351todos para la clasificaci\363n de documentos}{chapter.2}% 5
\BOOKMARK [1][-]{section.2.2}{Random Forest}{chapter.2}% 6
\BOOKMARK [1][-]{section.2.3}{M\341quinas de vectores de soporte}{chapter.2}% 7
\BOOKMARK [1][-]{section.2.4}{Naive Bayes}{chapter.2}% 8
\BOOKMARK [1][-]{section.2.5}{M\351tricas de evaluaci\363n}{chapter.2}% 9
\BOOKMARK [0][-]{chapter.3}{Estudio experimental}{}% 10
\BOOKMARK [1][-]{section.3.1}{Empleo de m\351todos de an\341lisis de sentimientos preentrenados \(SAMs\)}{chapter.3}% 11
\BOOKMARK [2][-]{subsection.3.1.1}{VaderSentiment}{section.3.1}% 12
\BOOKMARK [2][-]{subsection.3.1.2}{TextBlob}{section.3.1}% 13
\BOOKMARK [1][-]{section.3.2}{Creaci\363n de un propio m\351todo de an\341lisis de sentimientos}{chapter.3}% 14
\BOOKMARK [2][-]{subsection.3.2.1}{Preprocesamiento}{section.3.2}% 15
\BOOKMARK [2][-]{subsection.3.2.2}{Tokenizaci\363n}{section.3.2}% 16
\BOOKMARK [2][-]{subsection.3.2.3}{Extracci\363n de las caracter\355sticas}{section.3.2}% 17
\BOOKMARK [2][-]{subsection.3.2.4}{Reducci\363n de las caracter\355sticas}{section.3.2}% 18
\BOOKMARK [2][-]{subsection.3.2.5}{Ponderaci\363n de las caracter\355sticas}{section.3.2}% 19
\BOOKMARK [1][-]{section.3.3}{Comparaci\363n y an\341lisis de los modelos empleados}{chapter.3}% 20
\BOOKMARK [2][-]{subsection.3.3.1}{Tablas con los resultados}{section.3.3}% 21
\BOOKMARK [1][-]{section.3.4}{Modelos m\341s avanzados}{chapter.3}% 22
\BOOKMARK [2][-]{subsection.3.4.1}{Word2vec}{section.3.4}% 23
\BOOKMARK [2][-]{subsection.3.4.2}{Modelos de Deep Learning}{section.3.4}% 24
\BOOKMARK [0][-]{chapter.4}{Planteamiento de futuro}{}% 25
\BOOKMARK [1][-]{section.4.1}{Problemas que presenta el an\341lisis de sentimientos}{chapter.4}% 26
\BOOKMARK [1][-]{section.4.2}{\277Qu\351 har\355as si puedes trabajar durante 6 meses en el problema?}{chapter.4}% 27
